+ '[' -z '' ']'
+ case "$-" in
+ __lmod_vx=x
+ '[' -n x ']'
+ set +x
Shell debugging temporarily silenced: export LMOD_SH_DBG_ON=1 for this output (/uufs/chpc.utah.edu/sys/installdir/lmod/8.6-r8/init/bash)
Shell debugging restarted
+ unset __lmod_vx
++ /uufs/chpc.utah.edu/common/home/u1320844/anaconda3/bin/conda shell.bash hook
+ __conda_setup='export CONDA_EXE='\''/uufs/chpc.utah.edu/common/home/u1320844/anaconda3/bin/conda'\''
export _CE_M='\'''\''
export _CE_CONDA='\'''\''
export CONDA_PYTHON_EXE='\''/uufs/chpc.utah.edu/common/home/u1320844/anaconda3/bin/python'\''

# Copyright (C) 2012 Anaconda, Inc
# SPDX-License-Identifier: BSD-3-Clause

__add_sys_prefix_to_path() {
    # In dev-mode CONDA_EXE is python.exe and on Windows
    # it is in a different relative location to condabin.
    if [ -n "${_CE_CONDA}" ] && [ -n "${WINDIR+x}" ]; then
        SYSP=$(\dirname "${CONDA_EXE}")
    else
        SYSP=$(\dirname "${CONDA_EXE}")
        SYSP=$(\dirname "${SYSP}")
    fi

    if [ -n "${WINDIR+x}" ]; then
        PATH="${SYSP}/bin:${PATH}"
        PATH="${SYSP}/Scripts:${PATH}"
        PATH="${SYSP}/Library/bin:${PATH}"
        PATH="${SYSP}/Library/usr/bin:${PATH}"
        PATH="${SYSP}/Library/mingw-w64/bin:${PATH}"
        PATH="${SYSP}:${PATH}"
    else
        PATH="${SYSP}/bin:${PATH}"
    fi
    \export PATH
}

__conda_hashr() {
    if [ -n "${ZSH_VERSION:+x}" ]; then
        \rehash
    elif [ -n "${POSH_VERSION:+x}" ]; then
        :  # pass
    else
        \hash -r
    fi
}

__conda_activate() {
    if [ -n "${CONDA_PS1_BACKUP:+x}" ]; then
        # Handle transition from shell activated with conda <= 4.3 to a subsequent activation
        # after conda updated to >= 4.4. See issue #6173.
        PS1="$CONDA_PS1_BACKUP"
        \unset CONDA_PS1_BACKUP
    fi

    \local cmd="$1"
    shift
    \local ask_conda
    CONDA_INTERNAL_OLDPATH="${PATH}"
    __add_sys_prefix_to_path
    ask_conda="$(PS1="$PS1" "$CONDA_EXE" $_CE_M $_CE_CONDA shell.posix "$cmd" "$@")" || \return $?
    rc=$?
    PATH="${CONDA_INTERNAL_OLDPATH}"
    \eval "$ask_conda"
    if [ $rc != 0 ]; then
        \export PATH
    fi
    __conda_hashr
}

__conda_reactivate() {
    \local ask_conda
    CONDA_INTERNAL_OLDPATH="${PATH}"
    __add_sys_prefix_to_path
    ask_conda="$(PS1="$PS1" "$CONDA_EXE" $_CE_M $_CE_CONDA shell.posix reactivate)" || \return $?
    PATH="${CONDA_INTERNAL_OLDPATH}"
    \eval "$ask_conda"
    __conda_hashr
}

conda() {
    if [ "$#" -lt 1 ]; then
        "$CONDA_EXE" $_CE_M $_CE_CONDA
    else
        \local cmd="$1"
        shift
        case "$cmd" in
            activate|deactivate)
                __conda_activate "$cmd" "$@"
                ;;
            install|update|upgrade|remove|uninstall)
                CONDA_INTERNAL_OLDPATH="${PATH}"
                __add_sys_prefix_to_path
                "$CONDA_EXE" $_CE_M $_CE_CONDA "$cmd" "$@"
                \local t1=$?
                PATH="${CONDA_INTERNAL_OLDPATH}"
                if [ $t1 = 0 ]; then
                    __conda_reactivate
                else
                    return $t1
                fi
                ;;
            *)
                CONDA_INTERNAL_OLDPATH="${PATH}"
                __add_sys_prefix_to_path
                "$CONDA_EXE" $_CE_M $_CE_CONDA "$cmd" "$@"
                \local t1=$?
                PATH="${CONDA_INTERNAL_OLDPATH}"
                return $t1
                ;;
        esac
    fi
}

if [ -z "${CONDA_SHLVL+x}" ]; then
    \export CONDA_SHLVL=0
    # In dev-mode CONDA_EXE is python.exe and on Windows
    # it is in a different relative location to condabin.
    if [ -n "${_CE_CONDA:+x}" ] && [ -n "${WINDIR+x}" ]; then
        PATH="$(\dirname "$CONDA_EXE")/condabin${PATH:+":${PATH}"}"
    else
        PATH="$(\dirname "$(\dirname "$CONDA_EXE")")/condabin${PATH:+":${PATH}"}"
    fi
    \export PATH

    # We'\''re not allowing PS1 to be unbound. It must at least be set.
    # However, we'\''re not exporting it, which can cause problems when starting a second shell
    # via a first shell (i.e. starting zsh from bash).
    if [ -z "${PS1+x}" ]; then
        PS1=
    fi
fi

conda activate base'
+ '[' 0 -eq 0 ']'
+ eval 'export CONDA_EXE='\''/uufs/chpc.utah.edu/common/home/u1320844/anaconda3/bin/conda'\''
export _CE_M='\'''\''
export _CE_CONDA='\'''\''
export CONDA_PYTHON_EXE='\''/uufs/chpc.utah.edu/common/home/u1320844/anaconda3/bin/python'\''

# Copyright (C) 2012 Anaconda, Inc
# SPDX-License-Identifier: BSD-3-Clause

__add_sys_prefix_to_path() {
    # In dev-mode CONDA_EXE is python.exe and on Windows
    # it is in a different relative location to condabin.
    if [ -n "${_CE_CONDA}" ] && [ -n "${WINDIR+x}" ]; then
        SYSP=$(\dirname "${CONDA_EXE}")
    else
        SYSP=$(\dirname "${CONDA_EXE}")
        SYSP=$(\dirname "${SYSP}")
    fi

    if [ -n "${WINDIR+x}" ]; then
        PATH="${SYSP}/bin:${PATH}"
        PATH="${SYSP}/Scripts:${PATH}"
        PATH="${SYSP}/Library/bin:${PATH}"
        PATH="${SYSP}/Library/usr/bin:${PATH}"
        PATH="${SYSP}/Library/mingw-w64/bin:${PATH}"
        PATH="${SYSP}:${PATH}"
    else
        PATH="${SYSP}/bin:${PATH}"
    fi
    \export PATH
}

__conda_hashr() {
    if [ -n "${ZSH_VERSION:+x}" ]; then
        \rehash
    elif [ -n "${POSH_VERSION:+x}" ]; then
        :  # pass
    else
        \hash -r
    fi
}

__conda_activate() {
    if [ -n "${CONDA_PS1_BACKUP:+x}" ]; then
        # Handle transition from shell activated with conda <= 4.3 to a subsequent activation
        # after conda updated to >= 4.4. See issue #6173.
        PS1="$CONDA_PS1_BACKUP"
        \unset CONDA_PS1_BACKUP
    fi

    \local cmd="$1"
    shift
    \local ask_conda
    CONDA_INTERNAL_OLDPATH="${PATH}"
    __add_sys_prefix_to_path
    ask_conda="$(PS1="$PS1" "$CONDA_EXE" $_CE_M $_CE_CONDA shell.posix "$cmd" "$@")" || \return $?
    rc=$?
    PATH="${CONDA_INTERNAL_OLDPATH}"
    \eval "$ask_conda"
    if [ $rc != 0 ]; then
        \export PATH
    fi
    __conda_hashr
}

__conda_reactivate() {
    \local ask_conda
    CONDA_INTERNAL_OLDPATH="${PATH}"
    __add_sys_prefix_to_path
    ask_conda="$(PS1="$PS1" "$CONDA_EXE" $_CE_M $_CE_CONDA shell.posix reactivate)" || \return $?
    PATH="${CONDA_INTERNAL_OLDPATH}"
    \eval "$ask_conda"
    __conda_hashr
}

conda() {
    if [ "$#" -lt 1 ]; then
        "$CONDA_EXE" $_CE_M $_CE_CONDA
    else
        \local cmd="$1"
        shift
        case "$cmd" in
            activate|deactivate)
                __conda_activate "$cmd" "$@"
                ;;
            install|update|upgrade|remove|uninstall)
                CONDA_INTERNAL_OLDPATH="${PATH}"
                __add_sys_prefix_to_path
                "$CONDA_EXE" $_CE_M $_CE_CONDA "$cmd" "$@"
                \local t1=$?
                PATH="${CONDA_INTERNAL_OLDPATH}"
                if [ $t1 = 0 ]; then
                    __conda_reactivate
                else
                    return $t1
                fi
                ;;
            *)
                CONDA_INTERNAL_OLDPATH="${PATH}"
                __add_sys_prefix_to_path
                "$CONDA_EXE" $_CE_M $_CE_CONDA "$cmd" "$@"
                \local t1=$?
                PATH="${CONDA_INTERNAL_OLDPATH}"
                return $t1
                ;;
        esac
    fi
}

if [ -z "${CONDA_SHLVL+x}" ]; then
    \export CONDA_SHLVL=0
    # In dev-mode CONDA_EXE is python.exe and on Windows
    # it is in a different relative location to condabin.
    if [ -n "${_CE_CONDA:+x}" ] && [ -n "${WINDIR+x}" ]; then
        PATH="$(\dirname "$CONDA_EXE")/condabin${PATH:+":${PATH}"}"
    else
        PATH="$(\dirname "$(\dirname "$CONDA_EXE")")/condabin${PATH:+":${PATH}"}"
    fi
    \export PATH

    # We'\''re not allowing PS1 to be unbound. It must at least be set.
    # However, we'\''re not exporting it, which can cause problems when starting a second shell
    # via a first shell (i.e. starting zsh from bash).
    if [ -z "${PS1+x}" ]; then
        PS1=
    fi
fi

conda activate base'
++ export CONDA_EXE=/uufs/chpc.utah.edu/common/home/u1320844/anaconda3/bin/conda
++ CONDA_EXE=/uufs/chpc.utah.edu/common/home/u1320844/anaconda3/bin/conda
++ export _CE_M=
++ _CE_M=
++ export _CE_CONDA=
++ _CE_CONDA=
++ export CONDA_PYTHON_EXE=/uufs/chpc.utah.edu/common/home/u1320844/anaconda3/bin/python
++ CONDA_PYTHON_EXE=/uufs/chpc.utah.edu/common/home/u1320844/anaconda3/bin/python
++ '[' -z x ']'
++ conda activate base
++ '[' 2 -lt 1 ']'
++ local cmd=activate
++ shift
++ case "$cmd" in
++ __conda_activate activate base
++ '[' -n '' ']'
++ local cmd=activate
++ shift
++ local ask_conda
++ CONDA_INTERNAL_OLDPATH=/uufs/chpc.utah.edu/common/home/u1320844/vision_transformer/google-cloud-sdk/bin:/uufs/chpc.utah.edu/sys/installdir/cuda/11.0.2/bin:/uufs/chpc.utah.edu/sys/installdir/gcc/9.2.0/bin:/uufs/chpc.utah.edu/common/home/u1320844/anaconda3/envs/ogb/bin:/uufs/chpc.utah.edu/common/home/u1320844/anaconda3/condabin:/uufs/chpc.utah.edu/sys/bin:/usr/local/bin:/usr/bin:/usr/local/sbin:/usr/sbin:/uufs/notchpeak.peaks/sys/installdir/slurm/std/bin:/uufs/chpc.utah.edu/common/home/u1320844/.dotnet/tools
++ __add_sys_prefix_to_path
++ '[' -n '' ']'
+++ dirname /uufs/chpc.utah.edu/common/home/u1320844/anaconda3/bin/conda
++ SYSP=/uufs/chpc.utah.edu/common/home/u1320844/anaconda3/bin
+++ dirname /uufs/chpc.utah.edu/common/home/u1320844/anaconda3/bin
++ SYSP=/uufs/chpc.utah.edu/common/home/u1320844/anaconda3
++ '[' -n '' ']'
++ PATH=/uufs/chpc.utah.edu/common/home/u1320844/anaconda3/bin:/uufs/chpc.utah.edu/common/home/u1320844/vision_transformer/google-cloud-sdk/bin:/uufs/chpc.utah.edu/sys/installdir/cuda/11.0.2/bin:/uufs/chpc.utah.edu/sys/installdir/gcc/9.2.0/bin:/uufs/chpc.utah.edu/common/home/u1320844/anaconda3/envs/ogb/bin:/uufs/chpc.utah.edu/common/home/u1320844/anaconda3/condabin:/uufs/chpc.utah.edu/sys/bin:/usr/local/bin:/usr/bin:/usr/local/sbin:/usr/sbin:/uufs/notchpeak.peaks/sys/installdir/slurm/std/bin:/uufs/chpc.utah.edu/common/home/u1320844/.dotnet/tools
++ export PATH
+++ PS1=
+++ /uufs/chpc.utah.edu/common/home/u1320844/anaconda3/bin/conda shell.posix activate base
++ ask_conda='export PATH='\''/uufs/chpc.utah.edu/common/home/u1320844/vision_transformer/google-cloud-sdk/bin:/uufs/chpc.utah.edu/sys/installdir/cuda/11.0.2/bin:/uufs/chpc.utah.edu/sys/installdir/gcc/9.2.0/bin:/uufs/chpc.utah.edu/common/home/u1320844/anaconda3/bin:/uufs/chpc.utah.edu/common/home/u1320844/anaconda3/condabin:/uufs/chpc.utah.edu/sys/bin:/usr/local/bin:/usr/bin:/usr/local/sbin:/usr/sbin:/uufs/notchpeak.peaks/sys/installdir/slurm/std/bin:/uufs/chpc.utah.edu/common/home/u1320844/.dotnet/tools'\''
unset CONDA_PREFIX_1
PS1='\''(base) '\''
export CONDA_PREFIX='\''/uufs/chpc.utah.edu/common/home/u1320844/anaconda3'\''
export CONDA_SHLVL='\''1'\''
export CONDA_DEFAULT_ENV='\''base'\''
export CONDA_PROMPT_MODIFIER='\''(base) '\''
export CONDA_EXE='\''/uufs/chpc.utah.edu/common/home/u1320844/anaconda3/bin/conda'\''
export _CE_M='\'''\''
export _CE_CONDA='\'''\''
export CONDA_PYTHON_EXE='\''/uufs/chpc.utah.edu/common/home/u1320844/anaconda3/bin/python'\'''
++ rc=0
++ PATH=/uufs/chpc.utah.edu/common/home/u1320844/vision_transformer/google-cloud-sdk/bin:/uufs/chpc.utah.edu/sys/installdir/cuda/11.0.2/bin:/uufs/chpc.utah.edu/sys/installdir/gcc/9.2.0/bin:/uufs/chpc.utah.edu/common/home/u1320844/anaconda3/envs/ogb/bin:/uufs/chpc.utah.edu/common/home/u1320844/anaconda3/condabin:/uufs/chpc.utah.edu/sys/bin:/usr/local/bin:/usr/bin:/usr/local/sbin:/usr/sbin:/uufs/notchpeak.peaks/sys/installdir/slurm/std/bin:/uufs/chpc.utah.edu/common/home/u1320844/.dotnet/tools
++ eval 'export PATH='\''/uufs/chpc.utah.edu/common/home/u1320844/vision_transformer/google-cloud-sdk/bin:/uufs/chpc.utah.edu/sys/installdir/cuda/11.0.2/bin:/uufs/chpc.utah.edu/sys/installdir/gcc/9.2.0/bin:/uufs/chpc.utah.edu/common/home/u1320844/anaconda3/bin:/uufs/chpc.utah.edu/common/home/u1320844/anaconda3/condabin:/uufs/chpc.utah.edu/sys/bin:/usr/local/bin:/usr/bin:/usr/local/sbin:/usr/sbin:/uufs/notchpeak.peaks/sys/installdir/slurm/std/bin:/uufs/chpc.utah.edu/common/home/u1320844/.dotnet/tools'\''
unset CONDA_PREFIX_1
PS1='\''(base) '\''
export CONDA_PREFIX='\''/uufs/chpc.utah.edu/common/home/u1320844/anaconda3'\''
export CONDA_SHLVL='\''1'\''
export CONDA_DEFAULT_ENV='\''base'\''
export CONDA_PROMPT_MODIFIER='\''(base) '\''
export CONDA_EXE='\''/uufs/chpc.utah.edu/common/home/u1320844/anaconda3/bin/conda'\''
export _CE_M='\'''\''
export _CE_CONDA='\'''\''
export CONDA_PYTHON_EXE='\''/uufs/chpc.utah.edu/common/home/u1320844/anaconda3/bin/python'\'''
+++ export PATH=/uufs/chpc.utah.edu/common/home/u1320844/vision_transformer/google-cloud-sdk/bin:/uufs/chpc.utah.edu/sys/installdir/cuda/11.0.2/bin:/uufs/chpc.utah.edu/sys/installdir/gcc/9.2.0/bin:/uufs/chpc.utah.edu/common/home/u1320844/anaconda3/bin:/uufs/chpc.utah.edu/common/home/u1320844/anaconda3/condabin:/uufs/chpc.utah.edu/sys/bin:/usr/local/bin:/usr/bin:/usr/local/sbin:/usr/sbin:/uufs/notchpeak.peaks/sys/installdir/slurm/std/bin:/uufs/chpc.utah.edu/common/home/u1320844/.dotnet/tools
+++ PATH=/uufs/chpc.utah.edu/common/home/u1320844/vision_transformer/google-cloud-sdk/bin:/uufs/chpc.utah.edu/sys/installdir/cuda/11.0.2/bin:/uufs/chpc.utah.edu/sys/installdir/gcc/9.2.0/bin:/uufs/chpc.utah.edu/common/home/u1320844/anaconda3/bin:/uufs/chpc.utah.edu/common/home/u1320844/anaconda3/condabin:/uufs/chpc.utah.edu/sys/bin:/usr/local/bin:/usr/bin:/usr/local/sbin:/usr/sbin:/uufs/notchpeak.peaks/sys/installdir/slurm/std/bin:/uufs/chpc.utah.edu/common/home/u1320844/.dotnet/tools
+++ unset CONDA_PREFIX_1
+++ PS1='(base) '
+++ export CONDA_PREFIX=/uufs/chpc.utah.edu/common/home/u1320844/anaconda3
+++ CONDA_PREFIX=/uufs/chpc.utah.edu/common/home/u1320844/anaconda3
+++ export CONDA_SHLVL=1
+++ CONDA_SHLVL=1
+++ export CONDA_DEFAULT_ENV=base
+++ CONDA_DEFAULT_ENV=base
+++ export 'CONDA_PROMPT_MODIFIER=(base) '
+++ CONDA_PROMPT_MODIFIER='(base) '
+++ export CONDA_EXE=/uufs/chpc.utah.edu/common/home/u1320844/anaconda3/bin/conda
+++ CONDA_EXE=/uufs/chpc.utah.edu/common/home/u1320844/anaconda3/bin/conda
+++ export _CE_M=
+++ _CE_M=
+++ export _CE_CONDA=
+++ _CE_CONDA=
+++ export CONDA_PYTHON_EXE=/uufs/chpc.utah.edu/common/home/u1320844/anaconda3/bin/python
+++ CONDA_PYTHON_EXE=/uufs/chpc.utah.edu/common/home/u1320844/anaconda3/bin/python
++ '[' 0 '!=' 0 ']'
++ __conda_hashr
++ '[' -n '' ']'
++ '[' -n '' ']'
++ hash -r
+ unset __conda_setup
+ conda activate ogb
+ '[' 2 -lt 1 ']'
+ local cmd=activate
+ shift
+ case "$cmd" in
+ __conda_activate activate ogb
+ '[' -n '' ']'
+ local cmd=activate
+ shift
+ local ask_conda
+ CONDA_INTERNAL_OLDPATH=/uufs/chpc.utah.edu/common/home/u1320844/vision_transformer/google-cloud-sdk/bin:/uufs/chpc.utah.edu/sys/installdir/cuda/11.0.2/bin:/uufs/chpc.utah.edu/sys/installdir/gcc/9.2.0/bin:/uufs/chpc.utah.edu/common/home/u1320844/anaconda3/bin:/uufs/chpc.utah.edu/common/home/u1320844/anaconda3/condabin:/uufs/chpc.utah.edu/sys/bin:/usr/local/bin:/usr/bin:/usr/local/sbin:/usr/sbin:/uufs/notchpeak.peaks/sys/installdir/slurm/std/bin:/uufs/chpc.utah.edu/common/home/u1320844/.dotnet/tools
+ __add_sys_prefix_to_path
+ '[' -n '' ']'
++ dirname /uufs/chpc.utah.edu/common/home/u1320844/anaconda3/bin/conda
+ SYSP=/uufs/chpc.utah.edu/common/home/u1320844/anaconda3/bin
++ dirname /uufs/chpc.utah.edu/common/home/u1320844/anaconda3/bin
+ SYSP=/uufs/chpc.utah.edu/common/home/u1320844/anaconda3
+ '[' -n '' ']'
+ PATH=/uufs/chpc.utah.edu/common/home/u1320844/anaconda3/bin:/uufs/chpc.utah.edu/common/home/u1320844/vision_transformer/google-cloud-sdk/bin:/uufs/chpc.utah.edu/sys/installdir/cuda/11.0.2/bin:/uufs/chpc.utah.edu/sys/installdir/gcc/9.2.0/bin:/uufs/chpc.utah.edu/common/home/u1320844/anaconda3/bin:/uufs/chpc.utah.edu/common/home/u1320844/anaconda3/condabin:/uufs/chpc.utah.edu/sys/bin:/usr/local/bin:/usr/bin:/usr/local/sbin:/usr/sbin:/uufs/notchpeak.peaks/sys/installdir/slurm/std/bin:/uufs/chpc.utah.edu/common/home/u1320844/.dotnet/tools
+ export PATH
++ PS1='(base) '
++ /uufs/chpc.utah.edu/common/home/u1320844/anaconda3/bin/conda shell.posix activate ogb
+ ask_conda='PS1='\''(ogb) '\''
export PATH='\''/uufs/chpc.utah.edu/common/home/u1320844/vision_transformer/google-cloud-sdk/bin:/uufs/chpc.utah.edu/sys/installdir/cuda/11.0.2/bin:/uufs/chpc.utah.edu/sys/installdir/gcc/9.2.0/bin:/uufs/chpc.utah.edu/common/home/u1320844/anaconda3/envs/ogb/bin:/uufs/chpc.utah.edu/common/home/u1320844/anaconda3/condabin:/uufs/chpc.utah.edu/sys/bin:/usr/local/bin:/usr/bin:/usr/local/sbin:/usr/sbin:/uufs/notchpeak.peaks/sys/installdir/slurm/std/bin:/uufs/chpc.utah.edu/common/home/u1320844/.dotnet/tools'\''
export CONDA_PREFIX='\''/uufs/chpc.utah.edu/common/home/u1320844/anaconda3/envs/ogb'\''
export CONDA_SHLVL='\''2'\''
export CONDA_DEFAULT_ENV='\''ogb'\''
export CONDA_PROMPT_MODIFIER='\''(ogb) '\''
export CONDA_EXE='\''/uufs/chpc.utah.edu/common/home/u1320844/anaconda3/bin/conda'\''
export _CE_M='\'''\''
export _CE_CONDA='\'''\''
export CONDA_PYTHON_EXE='\''/uufs/chpc.utah.edu/common/home/u1320844/anaconda3/bin/python'\''
export CONDA_PREFIX_1='\''/uufs/chpc.utah.edu/common/home/u1320844/anaconda3'\'''
+ rc=0
+ PATH=/uufs/chpc.utah.edu/common/home/u1320844/vision_transformer/google-cloud-sdk/bin:/uufs/chpc.utah.edu/sys/installdir/cuda/11.0.2/bin:/uufs/chpc.utah.edu/sys/installdir/gcc/9.2.0/bin:/uufs/chpc.utah.edu/common/home/u1320844/anaconda3/bin:/uufs/chpc.utah.edu/common/home/u1320844/anaconda3/condabin:/uufs/chpc.utah.edu/sys/bin:/usr/local/bin:/usr/bin:/usr/local/sbin:/usr/sbin:/uufs/notchpeak.peaks/sys/installdir/slurm/std/bin:/uufs/chpc.utah.edu/common/home/u1320844/.dotnet/tools
+ eval 'PS1='\''(ogb) '\''
export PATH='\''/uufs/chpc.utah.edu/common/home/u1320844/vision_transformer/google-cloud-sdk/bin:/uufs/chpc.utah.edu/sys/installdir/cuda/11.0.2/bin:/uufs/chpc.utah.edu/sys/installdir/gcc/9.2.0/bin:/uufs/chpc.utah.edu/common/home/u1320844/anaconda3/envs/ogb/bin:/uufs/chpc.utah.edu/common/home/u1320844/anaconda3/condabin:/uufs/chpc.utah.edu/sys/bin:/usr/local/bin:/usr/bin:/usr/local/sbin:/usr/sbin:/uufs/notchpeak.peaks/sys/installdir/slurm/std/bin:/uufs/chpc.utah.edu/common/home/u1320844/.dotnet/tools'\''
export CONDA_PREFIX='\''/uufs/chpc.utah.edu/common/home/u1320844/anaconda3/envs/ogb'\''
export CONDA_SHLVL='\''2'\''
export CONDA_DEFAULT_ENV='\''ogb'\''
export CONDA_PROMPT_MODIFIER='\''(ogb) '\''
export CONDA_EXE='\''/uufs/chpc.utah.edu/common/home/u1320844/anaconda3/bin/conda'\''
export _CE_M='\'''\''
export _CE_CONDA='\'''\''
export CONDA_PYTHON_EXE='\''/uufs/chpc.utah.edu/common/home/u1320844/anaconda3/bin/python'\''
export CONDA_PREFIX_1='\''/uufs/chpc.utah.edu/common/home/u1320844/anaconda3'\'''
++ PS1='(ogb) '
++ export PATH=/uufs/chpc.utah.edu/common/home/u1320844/vision_transformer/google-cloud-sdk/bin:/uufs/chpc.utah.edu/sys/installdir/cuda/11.0.2/bin:/uufs/chpc.utah.edu/sys/installdir/gcc/9.2.0/bin:/uufs/chpc.utah.edu/common/home/u1320844/anaconda3/envs/ogb/bin:/uufs/chpc.utah.edu/common/home/u1320844/anaconda3/condabin:/uufs/chpc.utah.edu/sys/bin:/usr/local/bin:/usr/bin:/usr/local/sbin:/usr/sbin:/uufs/notchpeak.peaks/sys/installdir/slurm/std/bin:/uufs/chpc.utah.edu/common/home/u1320844/.dotnet/tools
++ PATH=/uufs/chpc.utah.edu/common/home/u1320844/vision_transformer/google-cloud-sdk/bin:/uufs/chpc.utah.edu/sys/installdir/cuda/11.0.2/bin:/uufs/chpc.utah.edu/sys/installdir/gcc/9.2.0/bin:/uufs/chpc.utah.edu/common/home/u1320844/anaconda3/envs/ogb/bin:/uufs/chpc.utah.edu/common/home/u1320844/anaconda3/condabin:/uufs/chpc.utah.edu/sys/bin:/usr/local/bin:/usr/bin:/usr/local/sbin:/usr/sbin:/uufs/notchpeak.peaks/sys/installdir/slurm/std/bin:/uufs/chpc.utah.edu/common/home/u1320844/.dotnet/tools
++ export CONDA_PREFIX=/uufs/chpc.utah.edu/common/home/u1320844/anaconda3/envs/ogb
++ CONDA_PREFIX=/uufs/chpc.utah.edu/common/home/u1320844/anaconda3/envs/ogb
++ export CONDA_SHLVL=2
++ CONDA_SHLVL=2
++ export CONDA_DEFAULT_ENV=ogb
++ CONDA_DEFAULT_ENV=ogb
++ export 'CONDA_PROMPT_MODIFIER=(ogb) '
++ CONDA_PROMPT_MODIFIER='(ogb) '
++ export CONDA_EXE=/uufs/chpc.utah.edu/common/home/u1320844/anaconda3/bin/conda
++ CONDA_EXE=/uufs/chpc.utah.edu/common/home/u1320844/anaconda3/bin/conda
++ export _CE_M=
++ _CE_M=
++ export _CE_CONDA=
++ _CE_CONDA=
++ export CONDA_PYTHON_EXE=/uufs/chpc.utah.edu/common/home/u1320844/anaconda3/bin/python
++ CONDA_PYTHON_EXE=/uufs/chpc.utah.edu/common/home/u1320844/anaconda3/bin/python
++ export CONDA_PREFIX_1=/uufs/chpc.utah.edu/common/home/u1320844/anaconda3
++ CONDA_PREFIX_1=/uufs/chpc.utah.edu/common/home/u1320844/anaconda3
+ '[' 0 '!=' 0 ']'
+ __conda_hashr
+ '[' -n '' ']'
+ '[' -n '' ']'
+ hash -r
+ module load gcc/9.2.0
++ /uufs/chpc.utah.edu/sys/installdir/lmod/8.6-r8/libexec/lmod bash load gcc/9.2.0
+ eval 'GCC_LIB=/uufs/chpc.utah.edu/sys/installdir/gcc/9.2.0/lib64;' export 'GCC_LIB;' 'INCLUDE=/uufs/chpc.utah.edu/sys/installdir/gcc/9.2.0/include;' export 'INCLUDE;' '__LMOD_REF_COUNT_LD_LIBRARY_PATH=/uufs/chpc.utah.edu/sys/installdir/gcc/9.2.0/lib64:1\;/uufs/chpc.utah.edu/sys/installdir/gcc/9.2.0/lib:1\;/uufs/chpc.utah.edu/common/home/u1320844/local/lib:1\;/uufs/chpc.utah.edu/sys/installdir/cuda/11.0.2/targets/x86_64-linux/lib:1\;/uufs/notchpeak.peaks/sys/installdir/slurm/std/lib:2;' export '__LMOD_REF_COUNT_LD_LIBRARY_PATH;' 'LD_LIBRARY_PATH=/uufs/chpc.utah.edu/sys/installdir/gcc/9.2.0/lib64:/uufs/chpc.utah.edu/sys/installdir/gcc/9.2.0/lib:/uufs/chpc.utah.edu/common/home/u1320844/local/lib:/uufs/chpc.utah.edu/sys/installdir/cuda/11.0.2/targets/x86_64-linux/lib:/uufs/notchpeak.peaks/sys/installdir/slurm/std/lib;' export 'LD_LIBRARY_PATH;' 'LMOD_FAMILY_COMPILER=gcc;' export 'LMOD_FAMILY_COMPILER;' 'LMOD_FAMILY_COMPILER_VERSION=9.2.0;' export 'LMOD_FAMILY_COMPILER_VERSION;' '__LMOD_REF_COUNT_LOADEDMODULES=chpc/1.0:1\;cuda/11.0:1\;gcc/9.2.0:1;' export '__LMOD_REF_COUNT_LOADEDMODULES;' 'LOADEDMODULES=chpc/1.0:cuda/11.0:gcc/9.2.0;' export 'LOADEDMODULES;' 'MANPATH=/uufs/chpc.utah.edu/sys/installdir/gcc/9.2.0/share/man:/uufs/notchpeak.peaks/sys/installdir/slurm/std/share/man:/uufs/chpc.utah.edu/sys/installdir/lmod/8.6-r8/share/man:/uufs/chpc.utah.edu/sys/man:/usr/local/share/man:/usr/share/man;' export 'MANPATH;' '__LMOD_REF_COUNT_MODULEPATH=/uufs/chpc.utah.edu/sys/modulefiles/CHPC-r8/Compiler/np/gcc/9.2.0:1\;/uufs/chpc.utah.edu/sys/modulefiles/spack/linux-centos7-x86_64/Compiler/linux-centos7-nehalem/gcc/9.2.0:1\;/uufs/chpc.utah.edu/sys/modulefiles/CHPC-r8/Compiler/gcc/9.2.0:1\;/uufs/chpc.utah.edu/sys/modulefiles/CHPC-r8/Compiler/cuda/11.0:1\;/uufs/chpc.utah.edu/sys/modulefiles/spack/linux-rocky8-x86_64/Core/linux-rocky8-nehalem:2\;/uufs/chpc.utah.edu/sys/modulefiles/CHPC-r8/Linux:1\;/uufs/chpc.utah.edu/sys/modulefiles/CHPC-r8/Core:1\;/uufs/chpc.utah.edu/sys/installdir/lmod/8.6-r8/modulefiles/Core:1;' export '__LMOD_REF_COUNT_MODULEPATH;' 'MODULEPATH=/uufs/chpc.utah.edu/sys/modulefiles/CHPC-r8/Compiler/np/gcc/9.2.0:/uufs/chpc.utah.edu/sys/modulefiles/spack/linux-centos7-x86_64/Compiler/linux-centos7-nehalem/gcc/9.2.0:/uufs/chpc.utah.edu/sys/modulefiles/CHPC-r8/Compiler/gcc/9.2.0:/uufs/chpc.utah.edu/sys/modulefiles/CHPC-r8/Compiler/cuda/11.0:/uufs/chpc.utah.edu/sys/modulefiles/spack/linux-rocky8-x86_64/Core/linux-rocky8-nehalem:/uufs/chpc.utah.edu/sys/modulefiles/CHPC-r8/Linux:/uufs/chpc.utah.edu/sys/modulefiles/CHPC-r8/Core:/uufs/chpc.utah.edu/sys/installdir/lmod/8.6-r8/modulefiles/Core;' export 'MODULEPATH;' '__LMOD_REF_COUNT_PATH=/uufs/chpc.utah.edu/sys/installdir/gcc/9.2.0/bin:1\;/uufs/chpc.utah.edu/common/home/u1320844/vision_transformer/google-cloud-sdk/bin:1\;/uufs/chpc.utah.edu/sys/installdir/cuda/11.0.2/bin:1\;/uufs/chpc.utah.edu/common/home/u1320844/anaconda3/envs/ogb/bin:1\;/uufs/chpc.utah.edu/common/home/u1320844/anaconda3/condabin:1\;/uufs/chpc.utah.edu/sys/bin:1\;/usr/local/bin:1\;/usr/bin:1\;/usr/local/sbin:1\;/usr/sbin:1\;/uufs/notchpeak.peaks/sys/installdir/slurm/std/bin:2\;/uufs/chpc.utah.edu/common/home/u1320844/.dotnet/tools:1;' export '__LMOD_REF_COUNT_PATH;' 'PATH=/uufs/chpc.utah.edu/sys/installdir/gcc/9.2.0/bin:/uufs/chpc.utah.edu/common/home/u1320844/vision_transformer/google-cloud-sdk/bin:/uufs/chpc.utah.edu/sys/installdir/cuda/11.0.2/bin:/uufs/chpc.utah.edu/common/home/u1320844/anaconda3/envs/ogb/bin:/uufs/chpc.utah.edu/common/home/u1320844/anaconda3/condabin:/uufs/chpc.utah.edu/sys/bin:/usr/local/bin:/usr/bin:/usr/local/sbin:/usr/sbin:/uufs/notchpeak.peaks/sys/installdir/slurm/std/bin:/uufs/chpc.utah.edu/common/home/u1320844/.dotnet/tools;' export 'PATH;' '__LMOD_REF_COUNT__LMFILES_=/uufs/chpc.utah.edu/sys/modulefiles/CHPC-r8/Core/chpc/1.0.lua:1\;/uufs/chpc.utah.edu/sys/modulefiles/CHPC-r8/Core/cuda/11.0.lua:1\;/uufs/chpc.utah.edu/sys/modulefiles/CHPC-r8/Core/gcc/9.2.0.lua:1;' export '__LMOD_REF_COUNT__LMFILES_;' '_LMFILES_=/uufs/chpc.utah.edu/sys/modulefiles/CHPC-r8/Core/chpc/1.0.lua:/uufs/chpc.utah.edu/sys/modulefiles/CHPC-r8/Core/cuda/11.0.lua:/uufs/chpc.utah.edu/sys/modulefiles/CHPC-r8/Core/gcc/9.2.0.lua;' export '_LMFILES_;' '_ModuleTable001_=X01vZHVsZVRhYmxlXyA9IHsKTVR2ZXJzaW9uID0gMywKY19yZWJ1aWxkVGltZSA9IGZhbHNlLApjX3Nob3J0VGltZSA9IGZhbHNlLApkZXB0aFQgPSB7fSwKZmFtaWx5ID0gewpDb21waWxlciA9ICJnY2MiLApjdWRhID0gImN1ZGEiLAp9LAptVCA9IHsKY2hwYyA9IHsKZm4gPSAiL3V1ZnMvY2hwYy51dGFoLmVkdS9zeXMvbW9kdWxlZmlsZXMvQ0hQQy1yOC9Db3JlL2NocGMvMS4wLmx1YSIsCmZ1bGxOYW1lID0gImNocGMvMS4wIiwKbG9hZE9yZGVyID0gMSwKcHJvcFQgPSB7Cmxtb2QgPSB7CnN0aWNreSA9IDEsCn0sCn0sCnN0YWNrRGVwdGggPSAwLApzdGF0dXMgPSAiYWN0aXZlIiwKdXNlck5hbWUgPSAiY2hwYyIsCndWID0gIjAwMDAwMDAwMS4qemZpbmFsIiwKfSwKY3Vk;' export '_ModuleTable001_;' '_ModuleTable002_=YSA9IHsKZm4gPSAiL3V1ZnMvY2hwYy51dGFoLmVkdS9zeXMvbW9kdWxlZmlsZXMvQ0hQQy1yOC9Db3JlL2N1ZGEvMTEuMC5sdWEiLApmdWxsTmFtZSA9ICJjdWRhLzExLjAiLApsb2FkT3JkZXIgPSAyLApwcm9wVCA9IHsKYXJjaCA9IHsKZ3B1ID0gMSwKfSwKfSwKc3RhY2tEZXB0aCA9IDAsCnN0YXR1cyA9ICJhY3RpdmUiLAp1c2VyTmFtZSA9ICJjdWRhLzExLjAiLAp3ViA9ICIwMDAwMDAwMTEuKnpmaW5hbCIsCn0sCmdjYyA9IHsKZm4gPSAiL3V1ZnMvY2hwYy51dGFoLmVkdS9zeXMvbW9kdWxlZmlsZXMvQ0hQQy1yOC9Db3JlL2djYy85LjIuMC5sdWEiLApmdWxsTmFtZSA9ICJnY2MvOS4yLjAiLApsb2FkT3JkZXIgPSAzLApwcm9wVCA9IHt9LApzdGFja0RlcHRoID0gMCwK;' export '_ModuleTable002_;' '_ModuleTable003_=c3RhdHVzID0gImFjdGl2ZSIsCnVzZXJOYW1lID0gImdjYy85LjIuMCIsCndWID0gIjAwMDAwMDAwOS4wMDAwMDAwMDIuKnpmaW5hbCIsCn0sCn0sCm1wYXRoQSA9IHsKIi91dWZzL2NocGMudXRhaC5lZHUvc3lzL21vZHVsZWZpbGVzL0NIUEMtcjgvQ29tcGlsZXIvbnAvZ2NjLzkuMi4wIgosICIvdXVmcy9jaHBjLnV0YWguZWR1L3N5cy9tb2R1bGVmaWxlcy9zcGFjay9saW51eC1jZW50b3M3LXg4Nl82NC9Db21waWxlci9saW51eC1jZW50b3M3LW5laGFsZW0vZ2NjLzkuMi4wIgosICIvdXVmcy9jaHBjLnV0YWguZWR1L3N5cy9tb2R1bGVmaWxlcy9DSFBDLXI4L0NvbXBpbGVyL2djYy85LjIuMCIKLCAiL3V1ZnMvY2hwYy51dGFoLmVkdS9zeXMvbW9kdWxlZmlsZXMvQ0hQQy1y;' export '_ModuleTable003_;' '_ModuleTable004_=OC9Db21waWxlci9jdWRhLzExLjAiCiwgIi91dWZzL2NocGMudXRhaC5lZHUvc3lzL21vZHVsZWZpbGVzL3NwYWNrL2xpbnV4LXJvY2t5OC14ODZfNjQvQ29yZS9saW51eC1yb2NreTgtbmVoYWxlbSIKLCAiL3V1ZnMvY2hwYy51dGFoLmVkdS9zeXMvbW9kdWxlZmlsZXMvQ0hQQy1yOC9MaW51eCIKLCAiL3V1ZnMvY2hwYy51dGFoLmVkdS9zeXMvbW9kdWxlZmlsZXMvQ0hQQy1yOC9Db3JlIiwgIi91dWZzL2NocGMudXRhaC5lZHUvc3lzL2luc3RhbGxkaXIvbG1vZC84LjYtcjgvbW9kdWxlZmlsZXMvQ29yZSIsCn0sCnN5c3RlbUJhc2VNUEFUSCA9ICIvdXVmcy9jaHBjLnV0YWguZWR1L3N5cy9tb2R1bGVmaWxlcy9zcGFjay9saW51eC1yb2NreTgteDg2XzY0L0NvcmUvbGludXgt;' export '_ModuleTable004_;' '_ModuleTable005_=cm9ja3k4LW5laGFsZW06L3V1ZnMvY2hwYy51dGFoLmVkdS9zeXMvbW9kdWxlZmlsZXMvQ0hQQy1yOC9MaW51eDovdXVmcy9jaHBjLnV0YWguZWR1L3N5cy9tb2R1bGVmaWxlcy9DSFBDLXI4L0NvcmU6L3V1ZnMvY2hwYy51dGFoLmVkdS9zeXMvaW5zdGFsbGRpci9sbW9kLzguNi1yOC9tb2R1bGVmaWxlcy9Db3JlIiwKfQo=;' export '_ModuleTable005_;' '_ModuleTable_Sz_=5;' export '_ModuleTable_Sz_;'
++ GCC_LIB=/uufs/chpc.utah.edu/sys/installdir/gcc/9.2.0/lib64
++ export GCC_LIB
++ INCLUDE=/uufs/chpc.utah.edu/sys/installdir/gcc/9.2.0/include
++ export INCLUDE
++ __LMOD_REF_COUNT_LD_LIBRARY_PATH='/uufs/chpc.utah.edu/sys/installdir/gcc/9.2.0/lib64:1;/uufs/chpc.utah.edu/sys/installdir/gcc/9.2.0/lib:1;/uufs/chpc.utah.edu/common/home/u1320844/local/lib:1;/uufs/chpc.utah.edu/sys/installdir/cuda/11.0.2/targets/x86_64-linux/lib:1;/uufs/notchpeak.peaks/sys/installdir/slurm/std/lib:2'
++ export __LMOD_REF_COUNT_LD_LIBRARY_PATH
++ LD_LIBRARY_PATH=/uufs/chpc.utah.edu/sys/installdir/gcc/9.2.0/lib64:/uufs/chpc.utah.edu/sys/installdir/gcc/9.2.0/lib:/uufs/chpc.utah.edu/common/home/u1320844/local/lib:/uufs/chpc.utah.edu/sys/installdir/cuda/11.0.2/targets/x86_64-linux/lib:/uufs/notchpeak.peaks/sys/installdir/slurm/std/lib
++ export LD_LIBRARY_PATH
++ LMOD_FAMILY_COMPILER=gcc
++ export LMOD_FAMILY_COMPILER
++ LMOD_FAMILY_COMPILER_VERSION=9.2.0
++ export LMOD_FAMILY_COMPILER_VERSION
++ __LMOD_REF_COUNT_LOADEDMODULES='chpc/1.0:1;cuda/11.0:1;gcc/9.2.0:1'
++ export __LMOD_REF_COUNT_LOADEDMODULES
++ LOADEDMODULES=chpc/1.0:cuda/11.0:gcc/9.2.0
++ export LOADEDMODULES
++ MANPATH=/uufs/chpc.utah.edu/sys/installdir/gcc/9.2.0/share/man:/uufs/notchpeak.peaks/sys/installdir/slurm/std/share/man:/uufs/chpc.utah.edu/sys/installdir/lmod/8.6-r8/share/man:/uufs/chpc.utah.edu/sys/man:/usr/local/share/man:/usr/share/man
++ export MANPATH
++ __LMOD_REF_COUNT_MODULEPATH='/uufs/chpc.utah.edu/sys/modulefiles/CHPC-r8/Compiler/np/gcc/9.2.0:1;/uufs/chpc.utah.edu/sys/modulefiles/spack/linux-centos7-x86_64/Compiler/linux-centos7-nehalem/gcc/9.2.0:1;/uufs/chpc.utah.edu/sys/modulefiles/CHPC-r8/Compiler/gcc/9.2.0:1;/uufs/chpc.utah.edu/sys/modulefiles/CHPC-r8/Compiler/cuda/11.0:1;/uufs/chpc.utah.edu/sys/modulefiles/spack/linux-rocky8-x86_64/Core/linux-rocky8-nehalem:2;/uufs/chpc.utah.edu/sys/modulefiles/CHPC-r8/Linux:1;/uufs/chpc.utah.edu/sys/modulefiles/CHPC-r8/Core:1;/uufs/chpc.utah.edu/sys/installdir/lmod/8.6-r8/modulefiles/Core:1'
++ export __LMOD_REF_COUNT_MODULEPATH
++ MODULEPATH=/uufs/chpc.utah.edu/sys/modulefiles/CHPC-r8/Compiler/np/gcc/9.2.0:/uufs/chpc.utah.edu/sys/modulefiles/spack/linux-centos7-x86_64/Compiler/linux-centos7-nehalem/gcc/9.2.0:/uufs/chpc.utah.edu/sys/modulefiles/CHPC-r8/Compiler/gcc/9.2.0:/uufs/chpc.utah.edu/sys/modulefiles/CHPC-r8/Compiler/cuda/11.0:/uufs/chpc.utah.edu/sys/modulefiles/spack/linux-rocky8-x86_64/Core/linux-rocky8-nehalem:/uufs/chpc.utah.edu/sys/modulefiles/CHPC-r8/Linux:/uufs/chpc.utah.edu/sys/modulefiles/CHPC-r8/Core:/uufs/chpc.utah.edu/sys/installdir/lmod/8.6-r8/modulefiles/Core
++ export MODULEPATH
++ __LMOD_REF_COUNT_PATH='/uufs/chpc.utah.edu/sys/installdir/gcc/9.2.0/bin:1;/uufs/chpc.utah.edu/common/home/u1320844/vision_transformer/google-cloud-sdk/bin:1;/uufs/chpc.utah.edu/sys/installdir/cuda/11.0.2/bin:1;/uufs/chpc.utah.edu/common/home/u1320844/anaconda3/envs/ogb/bin:1;/uufs/chpc.utah.edu/common/home/u1320844/anaconda3/condabin:1;/uufs/chpc.utah.edu/sys/bin:1;/usr/local/bin:1;/usr/bin:1;/usr/local/sbin:1;/usr/sbin:1;/uufs/notchpeak.peaks/sys/installdir/slurm/std/bin:2;/uufs/chpc.utah.edu/common/home/u1320844/.dotnet/tools:1'
++ export __LMOD_REF_COUNT_PATH
++ PATH=/uufs/chpc.utah.edu/sys/installdir/gcc/9.2.0/bin:/uufs/chpc.utah.edu/common/home/u1320844/vision_transformer/google-cloud-sdk/bin:/uufs/chpc.utah.edu/sys/installdir/cuda/11.0.2/bin:/uufs/chpc.utah.edu/common/home/u1320844/anaconda3/envs/ogb/bin:/uufs/chpc.utah.edu/common/home/u1320844/anaconda3/condabin:/uufs/chpc.utah.edu/sys/bin:/usr/local/bin:/usr/bin:/usr/local/sbin:/usr/sbin:/uufs/notchpeak.peaks/sys/installdir/slurm/std/bin:/uufs/chpc.utah.edu/common/home/u1320844/.dotnet/tools
++ export PATH
++ __LMOD_REF_COUNT__LMFILES_='/uufs/chpc.utah.edu/sys/modulefiles/CHPC-r8/Core/chpc/1.0.lua:1;/uufs/chpc.utah.edu/sys/modulefiles/CHPC-r8/Core/cuda/11.0.lua:1;/uufs/chpc.utah.edu/sys/modulefiles/CHPC-r8/Core/gcc/9.2.0.lua:1'
++ export __LMOD_REF_COUNT__LMFILES_
++ _LMFILES_=/uufs/chpc.utah.edu/sys/modulefiles/CHPC-r8/Core/chpc/1.0.lua:/uufs/chpc.utah.edu/sys/modulefiles/CHPC-r8/Core/cuda/11.0.lua:/uufs/chpc.utah.edu/sys/modulefiles/CHPC-r8/Core/gcc/9.2.0.lua
++ export _LMFILES_
++ _ModuleTable001_=X01vZHVsZVRhYmxlXyA9IHsKTVR2ZXJzaW9uID0gMywKY19yZWJ1aWxkVGltZSA9IGZhbHNlLApjX3Nob3J0VGltZSA9IGZhbHNlLApkZXB0aFQgPSB7fSwKZmFtaWx5ID0gewpDb21waWxlciA9ICJnY2MiLApjdWRhID0gImN1ZGEiLAp9LAptVCA9IHsKY2hwYyA9IHsKZm4gPSAiL3V1ZnMvY2hwYy51dGFoLmVkdS9zeXMvbW9kdWxlZmlsZXMvQ0hQQy1yOC9Db3JlL2NocGMvMS4wLmx1YSIsCmZ1bGxOYW1lID0gImNocGMvMS4wIiwKbG9hZE9yZGVyID0gMSwKcHJvcFQgPSB7Cmxtb2QgPSB7CnN0aWNreSA9IDEsCn0sCn0sCnN0YWNrRGVwdGggPSAwLApzdGF0dXMgPSAiYWN0aXZlIiwKdXNlck5hbWUgPSAiY2hwYyIsCndWID0gIjAwMDAwMDAwMS4qemZpbmFsIiwKfSwKY3Vk
++ export _ModuleTable001_
++ _ModuleTable002_=YSA9IHsKZm4gPSAiL3V1ZnMvY2hwYy51dGFoLmVkdS9zeXMvbW9kdWxlZmlsZXMvQ0hQQy1yOC9Db3JlL2N1ZGEvMTEuMC5sdWEiLApmdWxsTmFtZSA9ICJjdWRhLzExLjAiLApsb2FkT3JkZXIgPSAyLApwcm9wVCA9IHsKYXJjaCA9IHsKZ3B1ID0gMSwKfSwKfSwKc3RhY2tEZXB0aCA9IDAsCnN0YXR1cyA9ICJhY3RpdmUiLAp1c2VyTmFtZSA9ICJjdWRhLzExLjAiLAp3ViA9ICIwMDAwMDAwMTEuKnpmaW5hbCIsCn0sCmdjYyA9IHsKZm4gPSAiL3V1ZnMvY2hwYy51dGFoLmVkdS9zeXMvbW9kdWxlZmlsZXMvQ0hQQy1yOC9Db3JlL2djYy85LjIuMC5sdWEiLApmdWxsTmFtZSA9ICJnY2MvOS4yLjAiLApsb2FkT3JkZXIgPSAzLApwcm9wVCA9IHt9LApzdGFja0RlcHRoID0gMCwK
++ export _ModuleTable002_
++ _ModuleTable003_=c3RhdHVzID0gImFjdGl2ZSIsCnVzZXJOYW1lID0gImdjYy85LjIuMCIsCndWID0gIjAwMDAwMDAwOS4wMDAwMDAwMDIuKnpmaW5hbCIsCn0sCn0sCm1wYXRoQSA9IHsKIi91dWZzL2NocGMudXRhaC5lZHUvc3lzL21vZHVsZWZpbGVzL0NIUEMtcjgvQ29tcGlsZXIvbnAvZ2NjLzkuMi4wIgosICIvdXVmcy9jaHBjLnV0YWguZWR1L3N5cy9tb2R1bGVmaWxlcy9zcGFjay9saW51eC1jZW50b3M3LXg4Nl82NC9Db21waWxlci9saW51eC1jZW50b3M3LW5laGFsZW0vZ2NjLzkuMi4wIgosICIvdXVmcy9jaHBjLnV0YWguZWR1L3N5cy9tb2R1bGVmaWxlcy9DSFBDLXI4L0NvbXBpbGVyL2djYy85LjIuMCIKLCAiL3V1ZnMvY2hwYy51dGFoLmVkdS9zeXMvbW9kdWxlZmlsZXMvQ0hQQy1y
++ export _ModuleTable003_
++ _ModuleTable004_=OC9Db21waWxlci9jdWRhLzExLjAiCiwgIi91dWZzL2NocGMudXRhaC5lZHUvc3lzL21vZHVsZWZpbGVzL3NwYWNrL2xpbnV4LXJvY2t5OC14ODZfNjQvQ29yZS9saW51eC1yb2NreTgtbmVoYWxlbSIKLCAiL3V1ZnMvY2hwYy51dGFoLmVkdS9zeXMvbW9kdWxlZmlsZXMvQ0hQQy1yOC9MaW51eCIKLCAiL3V1ZnMvY2hwYy51dGFoLmVkdS9zeXMvbW9kdWxlZmlsZXMvQ0hQQy1yOC9Db3JlIiwgIi91dWZzL2NocGMudXRhaC5lZHUvc3lzL2luc3RhbGxkaXIvbG1vZC84LjYtcjgvbW9kdWxlZmlsZXMvQ29yZSIsCn0sCnN5c3RlbUJhc2VNUEFUSCA9ICIvdXVmcy9jaHBjLnV0YWguZWR1L3N5cy9tb2R1bGVmaWxlcy9zcGFjay9saW51eC1yb2NreTgteDg2XzY0L0NvcmUvbGludXgt
++ export _ModuleTable004_
++ _ModuleTable005_=cm9ja3k4LW5laGFsZW06L3V1ZnMvY2hwYy51dGFoLmVkdS9zeXMvbW9kdWxlZmlsZXMvQ0hQQy1yOC9MaW51eDovdXVmcy9jaHBjLnV0YWguZWR1L3N5cy9tb2R1bGVmaWxlcy9DSFBDLXI4L0NvcmU6L3V1ZnMvY2hwYy51dGFoLmVkdS9zeXMvaW5zdGFsbGRpci9sbW9kLzguNi1yOC9tb2R1bGVmaWxlcy9Db3JlIiwKfQo=
++ export _ModuleTable005_
++ _ModuleTable_Sz_=5
++ export _ModuleTable_Sz_
++ : -s sh
+ eval
+ module load cuda/11.0
++ /uufs/chpc.utah.edu/sys/installdir/lmod/8.6-r8/libexec/lmod bash load cuda/11.0
+ eval 'CUDA_BINDIR=/uufs/chpc.utah.edu/sys/installdir/cuda/11.0.2/bin;' export 'CUDA_BINDIR;' 'CUDA_INCDIR=/uufs/chpc.utah.edu/sys/installdir/cuda/11.0.2/include;' export 'CUDA_INCDIR;' 'CUDA_LIBDIR=/uufs/chpc.utah.edu/sys/installdir/cuda/11.0.2/lib64;' export 'CUDA_LIBDIR;' 'CUDA_PATH=/uufs/chpc.utah.edu/sys/installdir/cuda/11.0.2;' export 'CUDA_PATH;' 'CUDA_ROOT=/uufs/chpc.utah.edu/sys/installdir/cuda/11.0.2;' export 'CUDA_ROOT;' 'CUDA_ROOTDIR=/uufs/chpc.utah.edu/sys/installdir/cuda/11.0.2;' export 'CUDA_ROOTDIR;' '__LMOD_REF_COUNT_LD_LIBRARY_PATH=/uufs/chpc.utah.edu/sys/installdir/cuda/11.0.2/targets/x86_64-linux/lib:1\;/uufs/chpc.utah.edu/sys/installdir/gcc/9.2.0/lib64:1\;/uufs/chpc.utah.edu/sys/installdir/gcc/9.2.0/lib:1\;/uufs/chpc.utah.edu/common/home/u1320844/local/lib:1\;/uufs/notchpeak.peaks/sys/installdir/slurm/std/lib:2;' export '__LMOD_REF_COUNT_LD_LIBRARY_PATH;' 'LD_LIBRARY_PATH=/uufs/chpc.utah.edu/sys/installdir/cuda/11.0.2/targets/x86_64-linux/lib:/uufs/chpc.utah.edu/sys/installdir/gcc/9.2.0/lib64:/uufs/chpc.utah.edu/sys/installdir/gcc/9.2.0/lib:/uufs/chpc.utah.edu/common/home/u1320844/local/lib:/uufs/notchpeak.peaks/sys/installdir/slurm/std/lib;' export 'LD_LIBRARY_PATH;' 'LMOD_FAMILY_CUDA=cuda;' export 'LMOD_FAMILY_CUDA;' 'LMOD_FAMILY_CUDA_VERSION=11.0;' export 'LMOD_FAMILY_CUDA_VERSION;' '__LMOD_REF_COUNT_LOADEDMODULES=chpc/1.0:1\;gcc/9.2.0:1\;cuda/11.0:1;' export '__LMOD_REF_COUNT_LOADEDMODULES;' 'LOADEDMODULES=chpc/1.0:gcc/9.2.0:cuda/11.0;' export 'LOADEDMODULES;' '__LMOD_REF_COUNT_MODULEPATH=/uufs/chpc.utah.edu/sys/modulefiles/CHPC-r8/Compiler/cuda/11.0:1\;/uufs/chpc.utah.edu/sys/modulefiles/CHPC-r8/Compiler/np/gcc/9.2.0:1\;/uufs/chpc.utah.edu/sys/modulefiles/spack/linux-centos7-x86_64/Compiler/linux-centos7-nehalem/gcc/9.2.0:1\;/uufs/chpc.utah.edu/sys/modulefiles/CHPC-r8/Compiler/gcc/9.2.0:1\;/uufs/chpc.utah.edu/sys/modulefiles/spack/linux-rocky8-x86_64/Core/linux-rocky8-nehalem:2\;/uufs/chpc.utah.edu/sys/modulefiles/CHPC-r8/Linux:1\;/uufs/chpc.utah.edu/sys/modulefiles/CHPC-r8/Core:1\;/uufs/chpc.utah.edu/sys/installdir/lmod/8.6-r8/modulefiles/Core:1;' export '__LMOD_REF_COUNT_MODULEPATH;' 'MODULEPATH=/uufs/chpc.utah.edu/sys/modulefiles/CHPC-r8/Compiler/cuda/11.0:/uufs/chpc.utah.edu/sys/modulefiles/CHPC-r8/Compiler/np/gcc/9.2.0:/uufs/chpc.utah.edu/sys/modulefiles/spack/linux-centos7-x86_64/Compiler/linux-centos7-nehalem/gcc/9.2.0:/uufs/chpc.utah.edu/sys/modulefiles/CHPC-r8/Compiler/gcc/9.2.0:/uufs/chpc.utah.edu/sys/modulefiles/spack/linux-rocky8-x86_64/Core/linux-rocky8-nehalem:/uufs/chpc.utah.edu/sys/modulefiles/CHPC-r8/Linux:/uufs/chpc.utah.edu/sys/modulefiles/CHPC-r8/Core:/uufs/chpc.utah.edu/sys/installdir/lmod/8.6-r8/modulefiles/Core;' export 'MODULEPATH;' '__LMOD_REF_COUNT_PATH=/uufs/chpc.utah.edu/sys/installdir/cuda/11.0.2/bin:1\;/uufs/chpc.utah.edu/sys/installdir/gcc/9.2.0/bin:1\;/uufs/chpc.utah.edu/common/home/u1320844/vision_transformer/google-cloud-sdk/bin:1\;/uufs/chpc.utah.edu/common/home/u1320844/anaconda3/envs/ogb/bin:1\;/uufs/chpc.utah.edu/common/home/u1320844/anaconda3/condabin:1\;/uufs/chpc.utah.edu/sys/bin:1\;/usr/local/bin:1\;/usr/bin:1\;/usr/local/sbin:1\;/usr/sbin:1\;/uufs/notchpeak.peaks/sys/installdir/slurm/std/bin:2\;/uufs/chpc.utah.edu/common/home/u1320844/.dotnet/tools:1;' export '__LMOD_REF_COUNT_PATH;' 'PATH=/uufs/chpc.utah.edu/sys/installdir/cuda/11.0.2/bin:/uufs/chpc.utah.edu/sys/installdir/gcc/9.2.0/bin:/uufs/chpc.utah.edu/common/home/u1320844/vision_transformer/google-cloud-sdk/bin:/uufs/chpc.utah.edu/common/home/u1320844/anaconda3/envs/ogb/bin:/uufs/chpc.utah.edu/common/home/u1320844/anaconda3/condabin:/uufs/chpc.utah.edu/sys/bin:/usr/local/bin:/usr/bin:/usr/local/sbin:/usr/sbin:/uufs/notchpeak.peaks/sys/installdir/slurm/std/bin:/uufs/chpc.utah.edu/common/home/u1320844/.dotnet/tools;' export 'PATH;' '__LMOD_REF_COUNT__LMFILES_=/uufs/chpc.utah.edu/sys/modulefiles/CHPC-r8/Core/chpc/1.0.lua:1\;/uufs/chpc.utah.edu/sys/modulefiles/CHPC-r8/Core/gcc/9.2.0.lua:1\;/uufs/chpc.utah.edu/sys/modulefiles/CHPC-r8/Core/cuda/11.0.lua:1;' export '__LMOD_REF_COUNT__LMFILES_;' '_LMFILES_=/uufs/chpc.utah.edu/sys/modulefiles/CHPC-r8/Core/chpc/1.0.lua:/uufs/chpc.utah.edu/sys/modulefiles/CHPC-r8/Core/gcc/9.2.0.lua:/uufs/chpc.utah.edu/sys/modulefiles/CHPC-r8/Core/cuda/11.0.lua;' export '_LMFILES_;' '_ModuleTable001_=X01vZHVsZVRhYmxlXyA9IHsKTVR2ZXJzaW9uID0gMywKY19yZWJ1aWxkVGltZSA9IGZhbHNlLApjX3Nob3J0VGltZSA9IGZhbHNlLApkZXB0aFQgPSB7fSwKZmFtaWx5ID0gewpDb21waWxlciA9ICJnY2MiLApjdWRhID0gImN1ZGEiLAp9LAptVCA9IHsKY2hwYyA9IHsKZm4gPSAiL3V1ZnMvY2hwYy51dGFoLmVkdS9zeXMvbW9kdWxlZmlsZXMvQ0hQQy1yOC9Db3JlL2NocGMvMS4wLmx1YSIsCmZ1bGxOYW1lID0gImNocGMvMS4wIiwKbG9hZE9yZGVyID0gMSwKcHJvcFQgPSB7Cmxtb2QgPSB7CnN0aWNreSA9IDEsCn0sCn0sCnN0YWNrRGVwdGggPSAwLApzdGF0dXMgPSAiYWN0aXZlIiwKdXNlck5hbWUgPSAiY2hwYyIsCndWID0gIjAwMDAwMDAwMS4qemZpbmFsIiwKfSwKY3Vk;' export '_ModuleTable001_;' '_ModuleTable002_=YSA9IHsKZm4gPSAiL3V1ZnMvY2hwYy51dGFoLmVkdS9zeXMvbW9kdWxlZmlsZXMvQ0hQQy1yOC9Db3JlL2N1ZGEvMTEuMC5sdWEiLApmdWxsTmFtZSA9ICJjdWRhLzExLjAiLApsb2FkT3JkZXIgPSAzLApwcm9wVCA9IHsKYXJjaCA9IHsKZ3B1ID0gMSwKfSwKfSwKc3RhY2tEZXB0aCA9IDAsCnN0YXR1cyA9ICJhY3RpdmUiLAp1c2VyTmFtZSA9ICJjdWRhLzExLjAiLAp3ViA9ICIwMDAwMDAwMTEuKnpmaW5hbCIsCn0sCmdjYyA9IHsKZm4gPSAiL3V1ZnMvY2hwYy51dGFoLmVkdS9zeXMvbW9kdWxlZmlsZXMvQ0hQQy1yOC9Db3JlL2djYy85LjIuMC5sdWEiLApmdWxsTmFtZSA9ICJnY2MvOS4yLjAiLApsb2FkT3JkZXIgPSAyLApwcm9wVCA9IHt9LApzdGFja0RlcHRoID0gMCwK;' export '_ModuleTable002_;' '_ModuleTable003_=c3RhdHVzID0gImFjdGl2ZSIsCnVzZXJOYW1lID0gImdjYy85LjIuMCIsCndWID0gIjAwMDAwMDAwOS4wMDAwMDAwMDIuKnpmaW5hbCIsCn0sCn0sCm1wYXRoQSA9IHsKIi91dWZzL2NocGMudXRhaC5lZHUvc3lzL21vZHVsZWZpbGVzL0NIUEMtcjgvQ29tcGlsZXIvY3VkYS8xMS4wIgosICIvdXVmcy9jaHBjLnV0YWguZWR1L3N5cy9tb2R1bGVmaWxlcy9DSFBDLXI4L0NvbXBpbGVyL25wL2djYy85LjIuMCIKLCAiL3V1ZnMvY2hwYy51dGFoLmVkdS9zeXMvbW9kdWxlZmlsZXMvc3BhY2svbGludXgtY2VudG9zNy14ODZfNjQvQ29tcGlsZXIvbGludXgtY2VudG9zNy1uZWhhbGVtL2djYy85LjIuMCIKLCAiL3V1ZnMvY2hwYy51dGFoLmVkdS9zeXMvbW9kdWxlZmlsZXMvQ0hQQy1y;' export '_ModuleTable003_;' '_ModuleTable004_=OC9Db21waWxlci9nY2MvOS4yLjAiCiwgIi91dWZzL2NocGMudXRhaC5lZHUvc3lzL21vZHVsZWZpbGVzL3NwYWNrL2xpbnV4LXJvY2t5OC14ODZfNjQvQ29yZS9saW51eC1yb2NreTgtbmVoYWxlbSIKLCAiL3V1ZnMvY2hwYy51dGFoLmVkdS9zeXMvbW9kdWxlZmlsZXMvQ0hQQy1yOC9MaW51eCIKLCAiL3V1ZnMvY2hwYy51dGFoLmVkdS9zeXMvbW9kdWxlZmlsZXMvQ0hQQy1yOC9Db3JlIiwgIi91dWZzL2NocGMudXRhaC5lZHUvc3lzL2luc3RhbGxkaXIvbG1vZC84LjYtcjgvbW9kdWxlZmlsZXMvQ29yZSIsCn0sCnN5c3RlbUJhc2VNUEFUSCA9ICIvdXVmcy9jaHBjLnV0YWguZWR1L3N5cy9tb2R1bGVmaWxlcy9zcGFjay9saW51eC1yb2NreTgteDg2XzY0L0NvcmUvbGludXgt;' export '_ModuleTable004_;' '_ModuleTable005_=cm9ja3k4LW5laGFsZW06L3V1ZnMvY2hwYy51dGFoLmVkdS9zeXMvbW9kdWxlZmlsZXMvQ0hQQy1yOC9MaW51eDovdXVmcy9jaHBjLnV0YWguZWR1L3N5cy9tb2R1bGVmaWxlcy9DSFBDLXI4L0NvcmU6L3V1ZnMvY2hwYy51dGFoLmVkdS9zeXMvaW5zdGFsbGRpci9sbW9kLzguNi1yOC9tb2R1bGVmaWxlcy9Db3JlIiwKfQo=;' export '_ModuleTable005_;' '_ModuleTable_Sz_=5;' export '_ModuleTable_Sz_;'
++ CUDA_BINDIR=/uufs/chpc.utah.edu/sys/installdir/cuda/11.0.2/bin
++ export CUDA_BINDIR
++ CUDA_INCDIR=/uufs/chpc.utah.edu/sys/installdir/cuda/11.0.2/include
++ export CUDA_INCDIR
++ CUDA_LIBDIR=/uufs/chpc.utah.edu/sys/installdir/cuda/11.0.2/lib64
++ export CUDA_LIBDIR
++ CUDA_PATH=/uufs/chpc.utah.edu/sys/installdir/cuda/11.0.2
++ export CUDA_PATH
++ CUDA_ROOT=/uufs/chpc.utah.edu/sys/installdir/cuda/11.0.2
++ export CUDA_ROOT
++ CUDA_ROOTDIR=/uufs/chpc.utah.edu/sys/installdir/cuda/11.0.2
++ export CUDA_ROOTDIR
++ __LMOD_REF_COUNT_LD_LIBRARY_PATH='/uufs/chpc.utah.edu/sys/installdir/cuda/11.0.2/targets/x86_64-linux/lib:1;/uufs/chpc.utah.edu/sys/installdir/gcc/9.2.0/lib64:1;/uufs/chpc.utah.edu/sys/installdir/gcc/9.2.0/lib:1;/uufs/chpc.utah.edu/common/home/u1320844/local/lib:1;/uufs/notchpeak.peaks/sys/installdir/slurm/std/lib:2'
++ export __LMOD_REF_COUNT_LD_LIBRARY_PATH
++ LD_LIBRARY_PATH=/uufs/chpc.utah.edu/sys/installdir/cuda/11.0.2/targets/x86_64-linux/lib:/uufs/chpc.utah.edu/sys/installdir/gcc/9.2.0/lib64:/uufs/chpc.utah.edu/sys/installdir/gcc/9.2.0/lib:/uufs/chpc.utah.edu/common/home/u1320844/local/lib:/uufs/notchpeak.peaks/sys/installdir/slurm/std/lib
++ export LD_LIBRARY_PATH
++ LMOD_FAMILY_CUDA=cuda
++ export LMOD_FAMILY_CUDA
++ LMOD_FAMILY_CUDA_VERSION=11.0
++ export LMOD_FAMILY_CUDA_VERSION
++ __LMOD_REF_COUNT_LOADEDMODULES='chpc/1.0:1;gcc/9.2.0:1;cuda/11.0:1'
++ export __LMOD_REF_COUNT_LOADEDMODULES
++ LOADEDMODULES=chpc/1.0:gcc/9.2.0:cuda/11.0
++ export LOADEDMODULES
++ __LMOD_REF_COUNT_MODULEPATH='/uufs/chpc.utah.edu/sys/modulefiles/CHPC-r8/Compiler/cuda/11.0:1;/uufs/chpc.utah.edu/sys/modulefiles/CHPC-r8/Compiler/np/gcc/9.2.0:1;/uufs/chpc.utah.edu/sys/modulefiles/spack/linux-centos7-x86_64/Compiler/linux-centos7-nehalem/gcc/9.2.0:1;/uufs/chpc.utah.edu/sys/modulefiles/CHPC-r8/Compiler/gcc/9.2.0:1;/uufs/chpc.utah.edu/sys/modulefiles/spack/linux-rocky8-x86_64/Core/linux-rocky8-nehalem:2;/uufs/chpc.utah.edu/sys/modulefiles/CHPC-r8/Linux:1;/uufs/chpc.utah.edu/sys/modulefiles/CHPC-r8/Core:1;/uufs/chpc.utah.edu/sys/installdir/lmod/8.6-r8/modulefiles/Core:1'
++ export __LMOD_REF_COUNT_MODULEPATH
++ MODULEPATH=/uufs/chpc.utah.edu/sys/modulefiles/CHPC-r8/Compiler/cuda/11.0:/uufs/chpc.utah.edu/sys/modulefiles/CHPC-r8/Compiler/np/gcc/9.2.0:/uufs/chpc.utah.edu/sys/modulefiles/spack/linux-centos7-x86_64/Compiler/linux-centos7-nehalem/gcc/9.2.0:/uufs/chpc.utah.edu/sys/modulefiles/CHPC-r8/Compiler/gcc/9.2.0:/uufs/chpc.utah.edu/sys/modulefiles/spack/linux-rocky8-x86_64/Core/linux-rocky8-nehalem:/uufs/chpc.utah.edu/sys/modulefiles/CHPC-r8/Linux:/uufs/chpc.utah.edu/sys/modulefiles/CHPC-r8/Core:/uufs/chpc.utah.edu/sys/installdir/lmod/8.6-r8/modulefiles/Core
++ export MODULEPATH
++ __LMOD_REF_COUNT_PATH='/uufs/chpc.utah.edu/sys/installdir/cuda/11.0.2/bin:1;/uufs/chpc.utah.edu/sys/installdir/gcc/9.2.0/bin:1;/uufs/chpc.utah.edu/common/home/u1320844/vision_transformer/google-cloud-sdk/bin:1;/uufs/chpc.utah.edu/common/home/u1320844/anaconda3/envs/ogb/bin:1;/uufs/chpc.utah.edu/common/home/u1320844/anaconda3/condabin:1;/uufs/chpc.utah.edu/sys/bin:1;/usr/local/bin:1;/usr/bin:1;/usr/local/sbin:1;/usr/sbin:1;/uufs/notchpeak.peaks/sys/installdir/slurm/std/bin:2;/uufs/chpc.utah.edu/common/home/u1320844/.dotnet/tools:1'
++ export __LMOD_REF_COUNT_PATH
++ PATH=/uufs/chpc.utah.edu/sys/installdir/cuda/11.0.2/bin:/uufs/chpc.utah.edu/sys/installdir/gcc/9.2.0/bin:/uufs/chpc.utah.edu/common/home/u1320844/vision_transformer/google-cloud-sdk/bin:/uufs/chpc.utah.edu/common/home/u1320844/anaconda3/envs/ogb/bin:/uufs/chpc.utah.edu/common/home/u1320844/anaconda3/condabin:/uufs/chpc.utah.edu/sys/bin:/usr/local/bin:/usr/bin:/usr/local/sbin:/usr/sbin:/uufs/notchpeak.peaks/sys/installdir/slurm/std/bin:/uufs/chpc.utah.edu/common/home/u1320844/.dotnet/tools
++ export PATH
++ __LMOD_REF_COUNT__LMFILES_='/uufs/chpc.utah.edu/sys/modulefiles/CHPC-r8/Core/chpc/1.0.lua:1;/uufs/chpc.utah.edu/sys/modulefiles/CHPC-r8/Core/gcc/9.2.0.lua:1;/uufs/chpc.utah.edu/sys/modulefiles/CHPC-r8/Core/cuda/11.0.lua:1'
++ export __LMOD_REF_COUNT__LMFILES_
++ _LMFILES_=/uufs/chpc.utah.edu/sys/modulefiles/CHPC-r8/Core/chpc/1.0.lua:/uufs/chpc.utah.edu/sys/modulefiles/CHPC-r8/Core/gcc/9.2.0.lua:/uufs/chpc.utah.edu/sys/modulefiles/CHPC-r8/Core/cuda/11.0.lua
++ export _LMFILES_
++ _ModuleTable001_=X01vZHVsZVRhYmxlXyA9IHsKTVR2ZXJzaW9uID0gMywKY19yZWJ1aWxkVGltZSA9IGZhbHNlLApjX3Nob3J0VGltZSA9IGZhbHNlLApkZXB0aFQgPSB7fSwKZmFtaWx5ID0gewpDb21waWxlciA9ICJnY2MiLApjdWRhID0gImN1ZGEiLAp9LAptVCA9IHsKY2hwYyA9IHsKZm4gPSAiL3V1ZnMvY2hwYy51dGFoLmVkdS9zeXMvbW9kdWxlZmlsZXMvQ0hQQy1yOC9Db3JlL2NocGMvMS4wLmx1YSIsCmZ1bGxOYW1lID0gImNocGMvMS4wIiwKbG9hZE9yZGVyID0gMSwKcHJvcFQgPSB7Cmxtb2QgPSB7CnN0aWNreSA9IDEsCn0sCn0sCnN0YWNrRGVwdGggPSAwLApzdGF0dXMgPSAiYWN0aXZlIiwKdXNlck5hbWUgPSAiY2hwYyIsCndWID0gIjAwMDAwMDAwMS4qemZpbmFsIiwKfSwKY3Vk
++ export _ModuleTable001_
++ _ModuleTable002_=YSA9IHsKZm4gPSAiL3V1ZnMvY2hwYy51dGFoLmVkdS9zeXMvbW9kdWxlZmlsZXMvQ0hQQy1yOC9Db3JlL2N1ZGEvMTEuMC5sdWEiLApmdWxsTmFtZSA9ICJjdWRhLzExLjAiLApsb2FkT3JkZXIgPSAzLApwcm9wVCA9IHsKYXJjaCA9IHsKZ3B1ID0gMSwKfSwKfSwKc3RhY2tEZXB0aCA9IDAsCnN0YXR1cyA9ICJhY3RpdmUiLAp1c2VyTmFtZSA9ICJjdWRhLzExLjAiLAp3ViA9ICIwMDAwMDAwMTEuKnpmaW5hbCIsCn0sCmdjYyA9IHsKZm4gPSAiL3V1ZnMvY2hwYy51dGFoLmVkdS9zeXMvbW9kdWxlZmlsZXMvQ0hQQy1yOC9Db3JlL2djYy85LjIuMC5sdWEiLApmdWxsTmFtZSA9ICJnY2MvOS4yLjAiLApsb2FkT3JkZXIgPSAyLApwcm9wVCA9IHt9LApzdGFja0RlcHRoID0gMCwK
++ export _ModuleTable002_
++ _ModuleTable003_=c3RhdHVzID0gImFjdGl2ZSIsCnVzZXJOYW1lID0gImdjYy85LjIuMCIsCndWID0gIjAwMDAwMDAwOS4wMDAwMDAwMDIuKnpmaW5hbCIsCn0sCn0sCm1wYXRoQSA9IHsKIi91dWZzL2NocGMudXRhaC5lZHUvc3lzL21vZHVsZWZpbGVzL0NIUEMtcjgvQ29tcGlsZXIvY3VkYS8xMS4wIgosICIvdXVmcy9jaHBjLnV0YWguZWR1L3N5cy9tb2R1bGVmaWxlcy9DSFBDLXI4L0NvbXBpbGVyL25wL2djYy85LjIuMCIKLCAiL3V1ZnMvY2hwYy51dGFoLmVkdS9zeXMvbW9kdWxlZmlsZXMvc3BhY2svbGludXgtY2VudG9zNy14ODZfNjQvQ29tcGlsZXIvbGludXgtY2VudG9zNy1uZWhhbGVtL2djYy85LjIuMCIKLCAiL3V1ZnMvY2hwYy51dGFoLmVkdS9zeXMvbW9kdWxlZmlsZXMvQ0hQQy1y
++ export _ModuleTable003_
++ _ModuleTable004_=OC9Db21waWxlci9nY2MvOS4yLjAiCiwgIi91dWZzL2NocGMudXRhaC5lZHUvc3lzL21vZHVsZWZpbGVzL3NwYWNrL2xpbnV4LXJvY2t5OC14ODZfNjQvQ29yZS9saW51eC1yb2NreTgtbmVoYWxlbSIKLCAiL3V1ZnMvY2hwYy51dGFoLmVkdS9zeXMvbW9kdWxlZmlsZXMvQ0hQQy1yOC9MaW51eCIKLCAiL3V1ZnMvY2hwYy51dGFoLmVkdS9zeXMvbW9kdWxlZmlsZXMvQ0hQQy1yOC9Db3JlIiwgIi91dWZzL2NocGMudXRhaC5lZHUvc3lzL2luc3RhbGxkaXIvbG1vZC84LjYtcjgvbW9kdWxlZmlsZXMvQ29yZSIsCn0sCnN5c3RlbUJhc2VNUEFUSCA9ICIvdXVmcy9jaHBjLnV0YWguZWR1L3N5cy9tb2R1bGVmaWxlcy9zcGFjay9saW51eC1yb2NreTgteDg2XzY0L0NvcmUvbGludXgt
++ export _ModuleTable004_
++ _ModuleTable005_=cm9ja3k4LW5laGFsZW06L3V1ZnMvY2hwYy51dGFoLmVkdS9zeXMvbW9kdWxlZmlsZXMvQ0hQQy1yOC9MaW51eDovdXVmcy9jaHBjLnV0YWguZWR1L3N5cy9tb2R1bGVmaWxlcy9DSFBDLXI4L0NvcmU6L3V1ZnMvY2hwYy51dGFoLmVkdS9zeXMvaW5zdGFsbGRpci9sbW9kLzguNi1yOC9tb2R1bGVmaWxlcy9Db3JlIiwKfQo=
++ export _ModuleTable005_
++ _ModuleTable_Sz_=5
++ export _ModuleTable_Sz_
++ : -s sh
+ eval
+ sleep 3d
